<?xml version="1.0" encoding="UTF-8"?>
<testng-results ignored="0" total="1" passed="1" failed="0" skipped="0">
  <reporter-output>
  </reporter-output>
  <suite started-at="2024-04-01T19:35:26 IST" name="Surefire suite" finished-at="2024-04-01T19:35:26 IST" duration-ms="44">
    <groups>
    </groups>
    <test started-at="2024-04-01T19:35:26 IST" name="Surefire test" finished-at="2024-04-01T19:35:26 IST" duration-ms="44">
      <class name="SeleniumAssignment.AssignmentIV_CI_CD.AppTest">
        <test-method signature="SampleTest()[pri:0, instance:SeleniumAssignment.AssignmentIV_CI_CD.AppTest@10db82ae]" started-at="2024-04-01T19:35:26 IST" name="SampleTest" finished-at="2024-04-01T19:35:26 IST" duration-ms="8" status="PASS">
          <reporter-output>
          </reporter-output>
        </test-method> <!-- SampleTest -->
      </class> <!-- SeleniumAssignment.AssignmentIV_CI_CD.AppTest -->
    </test> <!-- Surefire test -->
  </suite> <!-- Surefire suite -->
</testng-results>
